<?xml version="1.0" encoding="UTF-8"?>
<!-- Generated by org.testng.reporters.JUnitXMLReporter -->
<testsuite ignored="0" hostname="rakeshiphones-Mac-mini.local" failures="1" tests="1" name="Test1" time="18.362" errors="0" timestamp="2023-11-01T00:50:18 IST">
  <testcase classname="com.QA.SeleniumElements.QA_Number_of_Links" name="numberoflinks" time="18.317">
    <failure type="java.lang.IndexOutOfBoundsException" message="Index 23 out of bounds for length 23">
      <![CDATA[java.lang.IndexOutOfBoundsException: Index 23 out of bounds for length 23
at java.base/jdk.internal.util.Preconditions.outOfBounds(Preconditions.java:64)
at java.base/jdk.internal.util.Preconditions.outOfBoundsCheckIndex(Preconditions.java:70)
at java.base/jdk.internal.util.Preconditions.checkIndex(Preconditions.java:266)
at java.base/java.util.Objects.checkIndex(Objects.java:359)
at java.base/java.util.ArrayList.get(ArrayList.java:427)
at com.QA.SeleniumElements.QA_Number_of_Links.numberoflinks(QA_Number_of_Links.java:40)
at java.base/java.util.ArrayList.forEach(ArrayList.java:1511)
... Removed 27 stack frames]]>
    </failure>
  </testcase> <!-- numberoflinks -->
</testsuite> <!-- Test1 -->
