<?xml version="1.0" encoding="UTF-8"?>
<!-- Generated by org.testng.reporters.JUnitXMLReporter -->
<testsuite ignored="0" hostname="YelugamRakesh" failures="0" tests="3" name="Test2" time="0.033" errors="0" timestamp="2023-11-01T10:46:04 IST">
  <testcase classname="com.QA_TestNG.QA_Login_Orange" name="@BeforeTest Close_Browser" time="0.005">
    <failure type="java.lang.NullPointerException" message="Cannot invoke &amp;quot;org.openqa.selenium.WebDriver.quit()&amp;quot; because &amp;quot;this.driver&amp;quot; is null">
      <![CDATA[java.lang.NullPointerException: Cannot invoke "org.openqa.selenium.WebDriver.quit()" because "this.driver" is null
at com.QA_TestNG.QA_Login_Orange.Close_Browser(QA_Login_Orange.java:54)
... Removed 22 stack frames]]>
    </failure>
  </testcase> <!-- @BeforeTest Close_Browser -->
  <testcase classname="com.QA_TestNG.QA_Login_Orange" name="@BeforeTest InitiaizeBrowser" time="0.0">
    <skipped/>
  </testcase> <!-- @BeforeTest InitiaizeBrowser -->
  <testcase classname="com.QA_TestNG.QA_Login_Orange" name="LaunchAPP" time="0.0">
    <skipped/>
  </testcase> <!-- LaunchAPP -->
  <testcase classname="com.QA_TestNG.QA_Login_Orange" name="Login" time="0.0">
    <skipped/>
  </testcase> <!-- Login -->
  <testcase classname="com.QA_TestNG.QA_Login_Orange" name="ValidateLoginPage" time="0.0">
    <skipped/>
  </testcase> <!-- ValidateLoginPage -->
</testsuite> <!-- Test2 -->
