<?xml version="1.0" encoding="UTF-8"?>
<!-- Generated by org.testng.reporters.JUnitXMLReporter -->
<testsuite ignored="6" hostname="YelugamRakesh" failures="0" tests="2" name="Test groups" time="0.027" errors="0" timestamp="2023-11-02T13:55:04 IST">
  <testcase classname="Groups_TestNG.New_Test1" name="Test6" time="0.004"/>
  <testcase classname="Groups_TestNG.New_Test1" name="Test8" time="0.001"/>
  <testcase classname="Groups_TestNG.New_Test2" name="Test2" time="0.0">
    <ignored/>
  </testcase> <!-- Test2 -->
  <testcase classname="Groups_TestNG.New_Test1" name="Test5" time="0.0">
    <ignored/>
  </testcase> <!-- Test5 -->
  <testcase classname="Groups_TestNG.New_Test2" name="Test4" time="0.0">
    <ignored/>
  </testcase> <!-- Test4 -->
  <testcase classname="Groups_TestNG.New_Test2" name="Test1" time="0.0">
    <ignored/>
  </testcase> <!-- Test1 -->
  <testcase classname="Groups_TestNG.New_Test1" name="Test7" time="0.0">
    <ignored/>
  </testcase> <!-- Test7 -->
  <testcase classname="Groups_TestNG.New_Test2" name="Test3" time="0.0">
    <ignored/>
  </testcase> <!-- Test3 -->
</testsuite> <!-- Test groups -->
