<?xml version="1.0" encoding="UTF-8"?>
<!-- Generated by org.testng.reporters.JUnitXMLReporter -->
<testsuite ignored="2" hostname="rakeshiphones-Mac-mini.local" failures="0" tests="1" name="TestPractice pae" time="28.31" errors="0" timestamp="2023-04-20T18:21:07 IST">
  <testcase classname="TestNG_workstation.TestNgXML" name="tabs1" time="28.295"/>
  <testcase classname="TestNG_workstation.TestNgXML" name="AssertionEqual1" time="0.0">
    <ignored/>
  </testcase> <!-- AssertionEqual1 -->
  <testcase classname="TestNG_workstation.TestNgXML" name="google" time="0.0">
    <ignored/>
  </testcase> <!-- google -->
</testsuite> <!-- TestPractice pae -->
