<?xml version="1.0" encoding="UTF-8"?>
<!-- Generated by org.testng.reporters.JUnitXMLReporter -->
<testsuite ignored="2" hostname="rakeshiphones-Mac-mini.local" failures="0" tests="1" name="Testpracticepage" time="19.128" errors="0" timestamp="2023-04-20T18:20:27 IST">
  <testcase classname="TestNG_workstation.TestNgXML" name="AssertionEqual1" time="19.043"/>
  <testcase classname="TestNG_workstation.TestNgXML" name="tabs1" time="0.0">
    <ignored/>
  </testcase> <!-- tabs1 -->
  <testcase classname="TestNG_workstation.TestNgXML" name="google" time="0.0">
    <ignored/>
  </testcase> <!-- google -->
</testsuite> <!-- Testpracticepage -->
