<?xml version="1.0" encoding="UTF-8"?>
<testng-results ignored="0" total="1" passed="1" failed="0" skipped="0">
  <reporter-output>
  </reporter-output>
  <suite started-at="2023-11-01T10:53:08 IST" name="Default suite" finished-at="2023-11-01T10:53:08 IST" duration-ms="24">
    <groups>
    </groups>
    <test started-at="2023-11-01T10:53:08 IST" name="Default test" finished-at="2023-11-01T10:53:08 IST" duration-ms="24">
      <class name="com.QA_TestNG_1.QA_Login_Orange">
        <test-method signature="Message()[pri:0, instance:com.QA_TestNG_1.QA_Login_Orange@15c43bd9]" started-at="2023-11-01T10:53:08 IST" name="Message" finished-at="2023-11-01T10:53:08 IST" duration-ms="6" status="PASS">
          <reporter-output>
          </reporter-output>
        </test-method> <!-- Message -->
      </class> <!-- com.QA_TestNG_1.QA_Login_Orange -->
    </test> <!-- Default test -->
  </suite> <!-- Default suite -->
</testng-results>
