<?xml version="1.0" encoding="UTF-8"?>
<testng-results ignored="3" total="4" passed="1" failed="0" skipped="0">
  <reporter-output>
  </reporter-output>
  <suite started-at="2023-07-24T03:52:27 IST" name="Default suite" finished-at="2023-07-24T03:52:27 IST" duration-ms="77">
    <groups>
    </groups>
    <test started-at="2023-07-24T03:52:27 IST" name="Default test" finished-at="2023-07-24T03:52:27 IST" duration-ms="77">
      <class name="TestNG_Framework.First_Program">
        <test-method signature="Cat()[pri:0, instance:TestNG_Framework.First_Program@38cee291]" started-at="2023-07-24T03:52:27 IST" name="Cat" finished-at="2023-07-24T03:52:27 IST" duration-ms="6" status="PASS">
          <reporter-output>
          </reporter-output>
        </test-method> <!-- Cat -->
      </class> <!-- TestNG_Framework.First_Program -->
    </test> <!-- Default test -->
  </suite> <!-- Default suite -->
</testng-results>
