<?xml version="1.0" encoding="UTF-8"?>
<!-- Generated by org.testng.reporters.JUnitXMLReporter -->
<testsuite ignored="3" hostname="rakeshiphones-Mac-mini.local" failures="0" tests="1" name="Default test" time="0.077" errors="0" timestamp="2023-07-24T03:52:27 IST">
  <testcase classname="TestNG_Framework.First_Program" name="Cat" time="0.006"/>
  <testcase classname="TestNG_Framework.First_Program" name="yokesh" time="0.0">
    <ignored/>
  </testcase> <!-- yokesh -->
  <testcase classname="TestNG_Framework.First_Program" name="Apple" time="0.0">
    <ignored/>
  </testcase> <!-- Apple -->
  <testcase classname="TestNG_Framework.First_Program" name="Fish" time="0.0">
    <ignored/>
  </testcase> <!-- Fish -->
</testsuite> <!-- Default test -->
