<?xml version="1.0" encoding="UTF-8"?>
<!-- Generated by org.testng.reporters.JUnitXMLReporter -->
<testsuite ignored="0" hostname="YelugamRakesh.local" failures="0" tests="4" name="Default test" time="0.022" errors="0" timestamp="2023-11-17T13:05:00 IST">
  <testcase classname="Dependency_TestNG.New_Test2" name="Test1" time="0.004"/>
  <testcase classname="Dependency_TestNG.New_Test2" name="Test2" time="0.001"/>
  <testcase classname="Dependency_TestNG.New_Test2" name="Test3" time="0.001"/>
  <testcase classname="Dependency_TestNG.New_Test2" name="Test4" time="0.0"/>
</testsuite> <!-- Default test -->
