<?xml version="1.0" encoding="UTF-8"?>
<!-- Generated by org.testng.reporters.JUnitXMLReporter -->
<testsuite ignored="2" hostname="rakeshiphones-Mac-mini.local" failures="0" tests="4" name="GRP-smoke" time="0.09" errors="0" timestamp="2023-05-01T21:01:16 IST">
  <testcase classname="Selenium_Topics.TestNG_Groups" name="meth2" time="0.006"/>
  <testcase classname="Selenium_Topics.TestNG_Groups" name="meth3" time="0.001"/>
  <testcase classname="Selenium_Topics.TestNG_Groups" name="meth5" time="0.002"/>
  <testcase classname="Selenium_Topics.TestNG_Groups" name="meth6" time="0.001"/>
  <testcase classname="Selenium_Topics.TestNG_Groups" name="meth4" time="0.0">
    <ignored/>
  </testcase> <!-- meth4 -->
  <testcase classname="Selenium_Topics.TestNG_Groups" name="meth1" time="0.0">
    <ignored/>
  </testcase> <!-- meth1 -->
</testsuite> <!-- GRP-smoke -->
