<?xml version="1.0" encoding="UTF-8"?>
<!-- Generated by org.testng.reporters.JUnitXMLReporter -->
<testsuite ignored="3" hostname="rakeshiphones-Mac-mini.local" failures="0" tests="2" name="GRP-Regression" time="0.083" errors="0" timestamp="2023-04-25T10:26:29 IST">
  <testcase classname="TestNG_workstation.Grouping_Testcases" name="Test2" time="0.013"/>
  <testcase classname="TestNG_workstation.Grouping_Testcases" name="Test4" time="0.001"/>
  <testcase classname="TestNG_workstation.Grouping_Testcases" name="Test3" time="0.0">
    <ignored/>
  </testcase> <!-- Test3 -->
  <testcase classname="TestNG_workstation.Grouping_Testcases" name="Test5" time="0.0">
    <ignored/>
  </testcase> <!-- Test5 -->
  <testcase classname="TestNG_workstation.Grouping_Testcases" name="Test1" time="0.0">
    <ignored/>
  </testcase> <!-- Test1 -->
</testsuite> <!-- GRP-Regression -->
