<?xml version="1.0" encoding="UTF-8"?>
<!-- Generated by org.testng.reporters.JUnitXMLReporter -->
<testsuite ignored="0" hostname="rakeshiphones-Mac-mini.local" failures="0" tests="5" name="GRP-Regression,smoke" time="0.107" errors="0" timestamp="2023-04-25T07:48:21 IST">
  <testcase classname="TestNG_workstation.Grouping_Testcases" name="Test1" time="0.012"/>
  <testcase classname="TestNG_workstation.Grouping_Testcases" name="Test2" time="0.002"/>
  <testcase classname="TestNG_workstation.Grouping_Testcases" name="Test3" time="0.001"/>
  <testcase classname="TestNG_workstation.Grouping_Testcases" name="Test4" time="0.0"/>
  <testcase classname="TestNG_workstation.Grouping_Testcases" name="Test5" time="0.002"/>
</testsuite> <!-- GRP-Regression,smoke -->
