<?xml version="1.0" encoding="UTF-8"?>
<testng-results ignored="0" total="4" passed="4" failed="0" skipped="0">
  <reporter-output>
  </reporter-output>
  <suite started-at="2023-11-17T13:05:00 IST" name="Default suite" finished-at="2023-11-17T13:05:00 IST" duration-ms="22">
    <groups>
    </groups>
    <test started-at="2023-11-17T13:05:00 IST" name="Default test" finished-at="2023-11-17T13:05:00 IST" duration-ms="22">
      <class name="Dependency_TestNG.New_Test2">
        <test-method signature="Test1()[pri:0, instance:Dependency_TestNG.New_Test2@53aac487]" started-at="2023-11-17T13:05:00 IST" name="Test1" finished-at="2023-11-17T13:05:00 IST" duration-ms="4" status="PASS">
          <reporter-output>
          </reporter-output>
        </test-method> <!-- Test1 -->
        <test-method signature="Test2()[pri:0, instance:Dependency_TestNG.New_Test2@53aac487]" started-at="2023-11-17T13:05:00 IST" name="Test2" finished-at="2023-11-17T13:05:00 IST" duration-ms="1" status="PASS">
          <reporter-output>
          </reporter-output>
        </test-method> <!-- Test2 -->
        <test-method signature="Test3()[pri:0, instance:Dependency_TestNG.New_Test2@53aac487]" started-at="2023-11-17T13:05:00 IST" name="Test3" finished-at="2023-11-17T13:05:00 IST" duration-ms="1" status="PASS">
          <reporter-output>
          </reporter-output>
        </test-method> <!-- Test3 -->
        <test-method signature="Test4()[pri:0, instance:Dependency_TestNG.New_Test2@53aac487]" started-at="2023-11-17T13:05:00 IST" name="Test4" finished-at="2023-11-17T13:05:00 IST" duration-ms="0" status="PASS">
          <reporter-output>
          </reporter-output>
        </test-method> <!-- Test4 -->
      </class> <!-- Dependency_TestNG.New_Test2 -->
    </test> <!-- Default test -->
  </suite> <!-- Default suite -->
</testng-results>
