<?xml version="1.0" encoding="UTF-8"?>
<testng-results ignored="0" total="1" passed="1" failed="0" skipped="0">
  <reporter-output>
  </reporter-output>
  <suite started-at="2023-05-05T14:20:50 IST" name="Default suite" finished-at="2023-05-05T14:21:02 IST" duration-ms="11737">
    <groups>
    </groups>
    <test started-at="2023-05-05T14:20:50 IST" name="Default test" finished-at="2023-05-05T14:21:02 IST" duration-ms="11737">
      <class name="Project_Cyclos.Login">
        <test-method is-config="true" signature="setUp()[pri:0, instance:Project_Cyclos.Login@a38c7fe]" started-at="2023-05-05T14:20:50 IST" name="setUp" finished-at="2023-05-05T14:20:54 IST" duration-ms="3370" status="PASS">
          <reporter-output>
          </reporter-output>
        </test-method> <!-- setUp -->
        <test-method signature="testLogin()[pri:0, instance:Project_Cyclos.Login@a38c7fe]" started-at="2023-05-05T14:20:54 IST" name="testLogin" finished-at="2023-05-05T14:21:02 IST" duration-ms="7803" status="PASS">
          <reporter-output>
          </reporter-output>
        </test-method> <!-- testLogin -->
        <test-method is-config="true" signature="tearDown()[pri:0, instance:Project_Cyclos.Login@a38c7fe]" started-at="2023-05-05T14:21:02 IST" name="tearDown" finished-at="2023-05-05T14:21:02 IST" duration-ms="511" status="PASS">
          <reporter-output>
          </reporter-output>
        </test-method> <!-- tearDown -->
      </class> <!-- Project_Cyclos.Login -->
    </test> <!-- Default test -->
  </suite> <!-- Default suite -->
</testng-results>
